生成启动时间为 2016/1/7 17:01:52。
     1>项目“D:\Git\meloton-cli\meloton-get\meloton-get.vcxproj”在节点 2 上(Build 个目标)。
     1>ClCompile:
         C:\Program Files (x86)\Microsoft Visual Studio 14.0\VC\bin\CL.exe /c /ZI /nologo /W3 /WX- /Od /Oy- /D WIN32 /D _DEBUG /D _CONSOLE /D _UNICODE /D UNICODE /Gm /EHsc /RTC1 /MDd /GS /fp:precise /Zc:wchar_t /Zc:forScope /Zc:inline /Fo"Debug\\" /Fd"Debug\vc140.pdb" /Gd /TP /analyze- /errorReport:prompt Address.cpp CommonSocket.cpp Datagram.cpp SocketException.cpp TCP.cpp UDP.cpp main.cpp
         main.cpp
     1>d:\git\meloton-cli\meloton-get\udp.cpp(129): error C2664: “int recvfrom(SOCKET,char *,int,int,sockaddr *,int *)”: 无法将参数 6 从“Socket::socklen_t *”转换为“int *”
         d:\git\meloton-cli\meloton-get\udp.cpp(129): note: 与指向的类型无关；转换要求 reinterpret_cast、C 样式转换或函数样式转换
         d:\git\meloton-cli\meloton-get\udp.cpp(172): note: 参见对正在编译的函数 模板 实例化“int Socket::UDP::receive<char>(Socket::Address *,T *,size_t,unsigned int *)”的引用
                 with
                 [
                     T=char
                 ]
     1>d:\git\meloton-cli\meloton-get\tcp.cpp(133): error C2664: “int recv(SOCKET,char *,int,int)”: 无法将参数 2 从“unsigned __int64 *”转换为“char *”
         d:\git\meloton-cli\meloton-get\tcp.cpp(133): note: 与指向的类型无关；转换要求 reinterpret_cast、C 样式转换或函数样式转换
         d:\git\meloton-cli\meloton-get\tcp.cpp(187): note: 参见对正在编译的函数 模板 实例化“int Socket::TCP::receive<unsigned __int64>(T *,size_t)”的引用
                 with
                 [
                     T=unsigned __int64
                 ]
         UDP.cpp
     1>d:\git\meloton-cli\meloton-get\tcp.cpp(133): error C2664: “int recv(SOCKET,char *,int,int)”: 无法将参数 2 从“unsigned __int64 *”转换为“char *”
         d:\git\meloton-cli\meloton-get\tcp.cpp(133): note: 与指向的类型无关；转换要求 reinterpret_cast、C 样式转换或函数样式转换
         d:\git\meloton-cli\meloton-get\tcp.cpp(187): note: 参见对正在编译的函数 模板 实例化“int Socket::TCP::receive<unsigned __int64>(T *,size_t)”的引用
                 with
                 [
                     T=unsigned __int64
                 ]
     1>d:\git\meloton-cli\meloton-get\udp.cpp(129): error C2664: “int recvfrom(SOCKET,char *,int,int,sockaddr *,int *)”: 无法将参数 6 从“Socket::socklen_t *”转换为“int *”
         d:\git\meloton-cli\meloton-get\udp.cpp(129): note: 与指向的类型无关；转换要求 reinterpret_cast、C 样式转换或函数样式转换
         d:\git\meloton-cli\meloton-get\udp.cpp(172): note: 参见对正在编译的函数 模板 实例化“int Socket::UDP::receive<char>(Socket::Address *,T *,size_t,unsigned int *)”的引用
                 with
                 [
                     T=char
                 ]
         TCP.cpp
     1>d:\git\meloton-cli\meloton-get\udp.cpp(129): error C2664: “int recvfrom(SOCKET,char *,int,int,sockaddr *,int *)”: 无法将参数 6 从“Socket::socklen_t *”转换为“int *”
         d:\git\meloton-cli\meloton-get\udp.cpp(129): note: 与指向的类型无关；转换要求 reinterpret_cast、C 样式转换或函数样式转换
         d:\git\meloton-cli\meloton-get\udp.cpp(172): note: 参见对正在编译的函数 模板 实例化“int Socket::UDP::receive<char>(Socket::Address *,T *,size_t,unsigned int *)”的引用
                 with
                 [
                     T=char
                 ]
     1>d:\git\meloton-cli\meloton-get\tcp.cpp(133): error C2664: “int recv(SOCKET,char *,int,int)”: 无法将参数 2 从“unsigned __int64 *”转换为“char *”
         d:\git\meloton-cli\meloton-get\tcp.cpp(133): note: 与指向的类型无关；转换要求 reinterpret_cast、C 样式转换或函数样式转换
         d:\git\meloton-cli\meloton-get\tcp.cpp(187): note: 参见对正在编译的函数 模板 实例化“int Socket::TCP::receive<unsigned __int64>(T *,size_t)”的引用
                 with
                 [
                     T=unsigned __int64
                 ]
         SocketException.cpp
     1>d:\git\meloton-cli\meloton-get\udp.cpp(129): error C2664: “int recvfrom(SOCKET,char *,int,int,sockaddr *,int *)”: 无法将参数 6 从“Socket::socklen_t *”转换为“int *”
         d:\git\meloton-cli\meloton-get\udp.cpp(129): note: 与指向的类型无关；转换要求 reinterpret_cast、C 样式转换或函数样式转换
         d:\git\meloton-cli\meloton-get\udp.cpp(172): note: 参见对正在编译的函数 模板 实例化“int Socket::UDP::receive<char>(Socket::Address *,T *,size_t,unsigned int *)”的引用
                 with
                 [
                     T=char
                 ]
     1>d:\git\meloton-cli\meloton-get\tcp.cpp(133): error C2664: “int recv(SOCKET,char *,int,int)”: 无法将参数 2 从“unsigned __int64 *”转换为“char *”
         d:\git\meloton-cli\meloton-get\tcp.cpp(133): note: 与指向的类型无关；转换要求 reinterpret_cast、C 样式转换或函数样式转换
         d:\git\meloton-cli\meloton-get\tcp.cpp(187): note: 参见对正在编译的函数 模板 实例化“int Socket::TCP::receive<unsigned __int64>(T *,size_t)”的引用
                 with
                 [
                     T=unsigned __int64
                 ]
         Datagram.cpp
     1>d:\git\meloton-cli\meloton-get\udp.cpp(129): error C2664: “int recvfrom(SOCKET,char *,int,int,sockaddr *,int *)”: 无法将参数 6 从“Socket::socklen_t *”转换为“int *”
         d:\git\meloton-cli\meloton-get\udp.cpp(129): note: 与指向的类型无关；转换要求 reinterpret_cast、C 样式转换或函数样式转换
         d:\git\meloton-cli\meloton-get\udp.cpp(172): note: 参见对正在编译的函数 模板 实例化“int Socket::UDP::receive<char>(Socket::Address *,T *,size_t,unsigned int *)”的引用
                 with
                 [
                     T=char
                 ]
     1>d:\git\meloton-cli\meloton-get\tcp.cpp(133): error C2664: “int recv(SOCKET,char *,int,int)”: 无法将参数 2 从“unsigned __int64 *”转换为“char *”
         d:\git\meloton-cli\meloton-get\tcp.cpp(133): note: 与指向的类型无关；转换要求 reinterpret_cast、C 样式转换或函数样式转换
         d:\git\meloton-cli\meloton-get\tcp.cpp(187): note: 参见对正在编译的函数 模板 实例化“int Socket::TCP::receive<unsigned __int64>(T *,size_t)”的引用
                 with
                 [
                     T=unsigned __int64
                 ]
         CommonSocket.cpp
     1>d:\git\meloton-cli\meloton-get\udp.cpp(129): error C2664: “int recvfrom(SOCKET,char *,int,int,sockaddr *,int *)”: 无法将参数 6 从“Socket::socklen_t *”转换为“int *”
         d:\git\meloton-cli\meloton-get\udp.cpp(129): note: 与指向的类型无关；转换要求 reinterpret_cast、C 样式转换或函数样式转换
         d:\git\meloton-cli\meloton-get\udp.cpp(172): note: 参见对正在编译的函数 模板 实例化“int Socket::UDP::receive<char>(Socket::Address *,T *,size_t,unsigned int *)”的引用
                 with
                 [
                     T=char
                 ]
     1>d:\git\meloton-cli\meloton-get\tcp.cpp(133): error C2664: “int recv(SOCKET,char *,int,int)”: 无法将参数 2 从“unsigned __int64 *”转换为“char *”
         d:\git\meloton-cli\meloton-get\tcp.cpp(133): note: 与指向的类型无关；转换要求 reinterpret_cast、C 样式转换或函数样式转换
         d:\git\meloton-cli\meloton-get\tcp.cpp(187): note: 参见对正在编译的函数 模板 实例化“int Socket::TCP::receive<unsigned __int64>(T *,size_t)”的引用
                 with
                 [
                     T=unsigned __int64
                 ]
         Address.cpp
     1>d:\git\meloton-cli\meloton-get\udp.cpp(129): error C2664: “int recvfrom(SOCKET,char *,int,int,sockaddr *,int *)”: 无法将参数 6 从“Socket::socklen_t *”转换为“int *”
         d:\git\meloton-cli\meloton-get\udp.cpp(129): note: 与指向的类型无关；转换要求 reinterpret_cast、C 样式转换或函数样式转换
         d:\git\meloton-cli\meloton-get\udp.cpp(172): note: 参见对正在编译的函数 模板 实例化“int Socket::UDP::receive<char>(Socket::Address *,T *,size_t,unsigned int *)”的引用
                 with
                 [
                     T=char
                 ]
     1>d:\git\meloton-cli\meloton-get\tcp.cpp(133): error C2664: “int recv(SOCKET,char *,int,int)”: 无法将参数 2 从“unsigned __int64 *”转换为“char *”
         d:\git\meloton-cli\meloton-get\tcp.cpp(133): note: 与指向的类型无关；转换要求 reinterpret_cast、C 样式转换或函数样式转换
         d:\git\meloton-cli\meloton-get\tcp.cpp(187): note: 参见对正在编译的函数 模板 实例化“int Socket::TCP::receive<unsigned __int64>(T *,size_t)”的引用
                 with
                 [
                     T=unsigned __int64
                 ]
         正在生成代码...
     1>已完成生成项目“D:\Git\meloton-cli\meloton-get\meloton-get.vcxproj”(Build 个目标)的操作 - 失败。

生成失败。

已用时间 00:00:04.94
